<?xml version="1.0" encoding="UTF-8"?>
<testng-results skipped="0" failed="0" ignored="0" total="4" passed="4">
  <reporter-output>
  </reporter-output>
  <suite name="Default suite" duration-ms="5249" started-at="2022-11-14T03:45:42Z" finished-at="2022-11-14T03:45:48Z">
    <groups>
      <group name="cucumber">
        <method signature="AbstractTestNGCucumberTests.runScenario(io.cucumber.testng.PickleWrapper, io.cucumber.testng.FeatureWrapper)[pri:0, instance:com.techshop.runner.ApiRunner@394a2528]" name="runScenario" class="io.cucumber.testng.AbstractTestNGCucumberTests"/>
      </group> <!-- cucumber -->
    </groups>
    <test name="Default test" duration-ms="5249" started-at="2022-11-14T03:45:42Z" finished-at="2022-11-14T03:45:48Z">
      <class name="com.techshop.runner.ApiRunner">
        <test-method status="PASS" signature="setUpClass(org.testng.ITestContext)[pri:0, instance:com.techshop.runner.ApiRunner@394a2528]" name="setUpClass" is-config="true" duration-ms="294" started-at="2022-11-14T03:45:42Z" finished-at="2022-11-14T03:45:43Z">
          <params>
            <param index="0">
              <value>
                <![CDATA[org.testng.TestRunner@330c1f61]]>
              </value>
            </param>
          </params>
          <reporter-output>
          </reporter-output>
        </test-method> <!-- setUpClass -->
        <test-method status="PASS" signature="runScenario(io.cucumber.testng.PickleWrapper, io.cucumber.testng.FeatureWrapper)[pri:0, instance:com.techshop.runner.ApiRunner@394a2528]" name="runScenario" duration-ms="3352" started-at="2022-11-14T03:45:43Z" description="Runs Cucumber Scenarios" data-provider="scenarios" finished-at="2022-11-14T03:45:46Z">
          <params>
            <param index="0">
              <value>
                <![CDATA["The Authorized admin user can Get all Products."]]>
              </value>
            </param>
            <param index="1">
              <value>
                <![CDATA["User is able to Retrieve product information as well as post new products,"]]>
              </value>
            </param>
          </params>
          <reporter-output>
          </reporter-output>
        </test-method> <!-- runScenario -->
        <test-method status="PASS" signature="runScenario(io.cucumber.testng.PickleWrapper, io.cucumber.testng.FeatureWrapper)[pri:0, instance:com.techshop.runner.ApiRunner@394a2528]" name="runScenario" duration-ms="511" started-at="2022-11-14T03:45:46Z" description="Runs Cucumber Scenarios" data-provider="scenarios" finished-at="2022-11-14T03:45:47Z">
          <params>
            <param index="0">
              <value>
                <![CDATA["The Authorized admin user can Post new Product."]]>
              </value>
            </param>
            <param index="1">
              <value>
                <![CDATA["User is able to Retrieve product information as well as post new products,"]]>
              </value>
            </param>
          </params>
          <reporter-output>
          </reporter-output>
        </test-method> <!-- runScenario -->
        <test-method status="PASS" signature="runScenario(io.cucumber.testng.PickleWrapper, io.cucumber.testng.FeatureWrapper)[pri:0, instance:com.techshop.runner.ApiRunner@394a2528]" name="runScenario" duration-ms="419" started-at="2022-11-14T03:45:47Z" description="Runs Cucumber Scenarios" data-provider="scenarios" finished-at="2022-11-14T03:45:47Z">
          <params>
            <param index="0">
              <value>
                <![CDATA["The Authorized admin user Update a new Product."]]>
              </value>
            </param>
            <param index="1">
              <value>
                <![CDATA["User is able to Retrieve product information as well as post new products,"]]>
              </value>
            </param>
          </params>
          <reporter-output>
          </reporter-output>
        </test-method> <!-- runScenario -->
        <test-method status="PASS" signature="runScenario(io.cucumber.testng.PickleWrapper, io.cucumber.testng.FeatureWrapper)[pri:0, instance:com.techshop.runner.ApiRunner@394a2528]" name="runScenario" duration-ms="372" started-at="2022-11-14T03:45:47Z" description="Runs Cucumber Scenarios" data-provider="scenarios" finished-at="2022-11-14T03:45:47Z">
          <params>
            <param index="0">
              <value>
                <![CDATA["The Authorized admin user can Delete a new Product."]]>
              </value>
            </param>
            <param index="1">
              <value>
                <![CDATA["User is able to Retrieve product information as well as post new products,"]]>
              </value>
            </param>
          </params>
          <reporter-output>
          </reporter-output>
        </test-method> <!-- runScenario -->
        <test-method status="PASS" signature="tearDownClass()[pri:0, instance:com.techshop.runner.ApiRunner@394a2528]" name="tearDownClass" is-config="true" duration-ms="263" started-at="2022-11-14T03:45:47Z" finished-at="2022-11-14T03:45:48Z">
          <reporter-output>
          </reporter-output>
        </test-method> <!-- tearDownClass -->
      </class> <!-- com.techshop.runner.ApiRunner -->
    </test> <!-- Default test -->
  </suite> <!-- Default suite -->
</testng-results>
