<?xml version="1.0" encoding="UTF-8"?>
<!-- Generated by org.testng.reporters.JUnitXMLReporter -->
<testsuite hostname="RaselPC" ignored="0" name="Default Testing" tests="2" failures="2" timestamp="20 Nov 2022 15:57:04 GMT" time="0.778" errors="0">
  <testcase name="runScenario" time="0.104" classname="io.cucumber.testng.AbstractTestNGCucumberTests">
    <failure type="java.lang.NullPointerException">
      <![CDATA[java.lang.NullPointerException
at com.techshop.base.Base.setUp(Base.java:35)
at com.techshop.hooks.Hooks.initialize(Hooks.java:11)
]]>
    </failure>
  </testcase> <!-- runScenario -->
  <testcase name="runScenario" time="0.021" classname="io.cucumber.testng.AbstractTestNGCucumberTests">
    <failure type="java.lang.NullPointerException">
      <![CDATA[java.lang.NullPointerException
at com.techshop.base.Base.setUp(Base.java:35)
at com.techshop.hooks.Hooks.initialize(Hooks.java:11)
]]>
    </failure>
  </testcase> <!-- runScenario -->
</testsuite> <!-- Default Testing -->
